Discovering types from business network definition ...
Discovering the Returning Transactions..
Discovered types from business network definition
Generating schemas for all types in business network definition ...
Registering named query: selectPendingPTJContractByPhoneNumber
Registering named query: selectCompletePTJContractByPhoneNumber
Generated schemas for all types in business network definition
Adding schemas for all types to Loopback ...
Swagger: skipping unknown type "PTJContract".
Added schemas for all types to Loopback
events.js:183
      throw er; // Unhandled 'error' event
      ^

Error: listen EADDRINUSE :::3000
    at Server.setupListenHandle [as _listen2] (net.js:1360:14)
    at listenInCluster (net.js:1401:12)
    at Server.listen (net.js:1485:7)
    at module.exports.promise.then.then (/home/ubuntu/.nvm/versions/node/v8.17.0/lib/node_modules/composer-rest-server/cli.js:143:19)
    at <anonymous>
    at process._tickCallback (internal/process/next_tick.js:189:7)
Discovering types from business network definition ...
Discovering the Returning Transactions..
Discovered types from business network definition
Generating schemas for all types in business network definition ...
Registering named query: selectPendingPTJContractByPhoneNumber
Registering named query: selectCompletePTJContractByPhoneNumber
Generated schemas for all types in business network definition
Adding schemas for all types to Loopback ...
Swagger: skipping unknown type "PTJContract".
Added schemas for all types to Loopback
Web server listening at: http://localhost:3000
Browse your REST API at http://localhost:3000/explorer
